{"logTime": "1009/114112", "correlationVector":"U7470BhmN1TjQGssYSHy+0.0","action":"FeedSettingFetch_homeCloud", "result":"0", "context":{}}
{"logTime": "1009/114112", "correlationVector":"U7470BhmN1TjQGssYSHy+0.0","action":"SyncServerConnectionManagerRequest", "result":"SYNC_SERVER_OK", "context":{"environment":"", "migrationStage":"", "server":""}}
{"logTime": "1009/114112", "correlationVector":"WePDqlgPYucn86rpezfQHT.1","action":"SyncServerConnectionManagerRequest", "result":"SYNC_SERVER_OK", "context":{"environment":"Prod_SoutheastAsia_000j", "migrationStage":"NotStarted", "server":"GENERAL01000005"}}
{"logTime": "1009/114112", "correlationVector":"WePDqlgPYucn86rpezfQHT","action":"Initial GetUpdates", "result":"", "context":Reason: NEW_CLIENT. cV=WePDqlgPYucn86rpezfQHT}
{"logTime": "1009/114112", "correlationVector":"WePDqlgPYucn86rpezfQHT.2","action":"GetUpdates Response", "result":"SYNCER_OK", "context":Received 1 update(s). cV=WePDqlgPYucn86rpezfQHT.0;server=GENERAL01000005;cloudType=Consumer;environment=Prod_SoutheastAsia_000j;migrationStage=NotStarted}
{"logTime": "1009/114112", "correlationVector":"GYE+Aemqj9oP2quAj5L6eJ","action":"Initial GetUpdates", "result":"", "context":Reason: NEW_CLIENT. cV=GYE+Aemqj9oP2quAj5L6eJ}
{"logTime": "1009/114112", "correlationVector":"GYE+Aemqj9oP2quAj5L6eJ.1","action":"SyncServerConnectionManagerRequest", "result":"SYNC_SERVER_OK", "context":{"environment":"Prod_SoutheastAsia_000j", "migrationStage":"NotStarted", "server":"GENERAL0100001J"}}
{"logTime": "1009/114112", "correlationVector":"GYE+Aemqj9oP2quAj5L6eJ.2","action":"GetUpdates Response", "result":"SYNCER_OK", "context":Received 9 update(s). cV=GYE+Aemqj9oP2quAj5L6eJ.0;server=GENERAL0100001J;cloudType=Consumer;environment=Prod_SoutheastAsia_000j;migrationStage=NotStarted}
{"logTime": "1009/114112", "correlationVector":"+qK5gQ0lkF9eUV6y1MKheY","action":"Normal GetUpdate request", "result":"", "context":cV=+qK5gQ0lkF9eUV6y1MKheY
Nudged types: Device Info, User Consents
Refresh requested types: Device Info, User Consents, Send Tab To Self, Encryption Keys}
{"logTime": "1009/114112", "correlationVector":"+qK5gQ0lkF9eUV6y1MKheY.1","action":"SyncServerConnectionManagerRequest", "result":"SYNC_SERVER_OK", "context":{"environment":"Prod_SoutheastAsia_000j", "migrationStage":"NotStarted", "server":"GENERAL0100000U"}}
{"logTime": "1009/114112", "correlationVector":"+qK5gQ0lkF9eUV6y1MKheY.2","action":"GetUpdates Response", "result":"SYNCER_OK", "context":Received 0 update(s). cV=+qK5gQ0lkF9eUV6y1MKheY.0;server=GENERAL0100000U;cloudType=Consumer;environment=Prod_SoutheastAsia_000j;migrationStage=NotStarted}
{"logTime": "1009/114112", "correlationVector":"OKyCS2CATxSslENnj3neQX","action":"Commit Request", "result":"", "context":Item count: 1
Contributing types: Device Info}
{"logTime": "1009/114112", "correlationVector":"OKyCS2CATxSslENnj3neQX.1","action":"SyncServerConnectionManagerRequest", "result":"SYNC_SERVER_OK", "context":{"environment":"Prod_SoutheastAsia_000j", "migrationStage":"NotStarted", "server":"GENERAL01000003"}}
{"logTime": "1009/114112", "correlationVector":"OKyCS2CATxSslENnj3neQX.2","action":"Commit Response", "result":"SYNCER_OK", "context":Result: SYNCER_OK. cV=OKyCS2CATxSslENnj3neQX.0;server=GENERAL01000003;cloudType=Consumer;environment=Prod_SoutheastAsia_000j;migrationStage=NotStarted}
{"logTime": "1009/114112", "correlationVector":"K/MbgDFToKZNbBoJQu6+GP","action":"Commit Request", "result":"", "context":Item count: 2
Contributing types: User Consents}
{"logTime": "1009/114112", "correlationVector":"K/MbgDFToKZNbBoJQu6+GP.1","action":"SyncServerConnectionManagerRequest", "result":"SYNC_SERVER_OK", "context":{"environment":"Prod_SoutheastAsia_000j", "migrationStage":"NotStarted", "server":"GENERAL0100001K"}}
{"logTime": "1009/114112", "correlationVector":"K/MbgDFToKZNbBoJQu6+GP.2","action":"Commit Response", "result":"SYNCER_OK", "context":Result: SYNCER_OK. cV=K/MbgDFToKZNbBoJQu6+GP.0;server=GENERAL0100001K;cloudType=Consumer;environment=Prod_SoutheastAsia_000j;migrationStage=NotStarted}
{"logTime": "1009/114112", "correlationVector":"5hRORqwTuIE00/u1u9AaYy","action":"Normal GetUpdate request", "result":"", "context":cV=5hRORqwTuIE00/u1u9AaYy
Nudged types: Device Info}
{"logTime": "1009/114112", "correlationVector":"5hRORqwTuIE00/u1u9AaYy.1","action":"SyncServerConnectionManagerRequest", "result":"SYNC_SERVER_OK", "context":{"environment":"Prod_SoutheastAsia_000j", "migrationStage":"NotStarted", "server":"GENERAL0100000W"}}
{"logTime": "1009/114112", "correlationVector":"5hRORqwTuIE00/u1u9AaYy.2","action":"GetUpdates Response", "result":"SYNCER_OK", "context":Received 1 update(s). cV=5hRORqwTuIE00/u1u9AaYy.0;server=GENERAL0100000W;cloudType=Consumer;environment=Prod_SoutheastAsia_000j;migrationStage=NotStarted}
{"logTime": "1009/140527", "correlationVector":"oF/7uKcwoysOvC0T+oqDlk.0","action":"FeedSettingFetch_homeCloud", "result":"0", "context":{}}
{"logTime": "1009/140527", "correlationVector":"wtVJcV2bTPM5DCy5QVxKAL.1","action":"SyncServerConnectionManagerRequest", "result":"SYNC_SERVER_OK", "context":{"environment":"Prod_SoutheastAsia_000j", "migrationStage":"NotStarted", "server":"GENERAL01000010"}}
{"logTime": "1009/140938", "correlationVector":"K4L+0WDvTM/fbYa2dwpWdu.0","action":"FeedSettingFetch_homeCloud", "result":"0", "context":{}}
{"logTime": "1009/140938", "correlationVector":"Gj5/EhPT+yKz/RfAzy1K3X.1","action":"SyncServerConnectionManagerRequest", "result":"SYNC_SERVER_OK", "context":{"environment":"Prod_SoutheastAsia_000j", "migrationStage":"NotStarted", "server":"GENERAL01000013"}}
{"logTime": "1009/140938", "correlationVector":"Gj5/EhPT+yKz/RfAzy1K3X","action":"Initial GetUpdates", "result":"", "context":Reason: NEW_CLIENT. cV=Gj5/EhPT+yKz/RfAzy1K3X}
{"logTime": "1009/140938", "correlationVector":"Gj5/EhPT+yKz/RfAzy1K3X.2","action":"GetUpdates Response", "result":"SYNCER_OK", "context":Received 1 update(s). cV=Gj5/EhPT+yKz/RfAzy1K3X.0;server=GENERAL01000013;cloudType=Consumer;environment=Prod_SoutheastAsia_000j;migrationStage=NotStarted}
{"logTime": "1009/140938", "correlationVector":"/ZbcClDwPWTjjIea6WhYS3","action":"Normal GetUpdate request", "result":"", "context":cV=/ZbcClDwPWTjjIea6WhYS3
Nudged types: User Consents
Refresh requested types: Device Info, User Consents, Send Tab To Self, Encryption Keys}
{"logTime": "1009/140938", "correlationVector":"/ZbcClDwPWTjjIea6WhYS3.1","action":"SyncServerConnectionManagerRequest", "result":"SYNC_SERVER_OK", "context":{"environment":"Prod_SoutheastAsia_000j", "migrationStage":"NotStarted", "server":"GENERAL0100001J"}}
{"logTime": "1009/140938", "correlationVector":"/ZbcClDwPWTjjIea6WhYS3.2","action":"GetUpdates Response", "result":"SYNCER_OK", "context":Received 0 update(s). cV=/ZbcClDwPWTjjIea6WhYS3.0;server=GENERAL0100001J;cloudType=Consumer;environment=Prod_SoutheastAsia_000j;migrationStage=NotStarted}
{"logTime": "1009/140938", "correlationVector":"LZwmw+VREc+n5dvC6nLqRx","action":"Commit Request", "result":"", "context":Item count: 1
Contributing types: User Consents}
{"logTime": "1009/140938", "correlationVector":"LZwmw+VREc+n5dvC6nLqRx.1","action":"SyncServerConnectionManagerRequest", "result":"SYNC_SERVER_OK", "context":{"environment":"Prod_SoutheastAsia_000j", "migrationStage":"NotStarted", "server":"GENERAL01000000"}}
{"logTime": "1009/140938", "correlationVector":"LZwmw+VREc+n5dvC6nLqRx.2","action":"Commit Response", "result":"SYNCER_OK", "context":Result: SYNCER_OK. cV=LZwmw+VREc+n5dvC6nLqRx.0;server=GENERAL01000000;cloudType=Consumer;environment=Prod_SoutheastAsia_000j;migrationStage=NotStarted}
{"logTime": "1009/140940", "correlationVector":"rsOHB3BiftuvipwAehdJfl","action":"SyncServerConnectionManagerRequest", "result":"SYNC_SERVER_OK", "context":{"environment":"", "migrationStage":"", "server":""}}
{"logTime": "1009/140940", "correlationVector":"vzjz02VqC6pdnx16BED3ID","action":"Initial GetUpdates", "result":"", "context":Reason: RECONFIGURATION. cV=vzjz02VqC6pdnx16BED3ID}
{"logTime": "1009/140940", "correlationVector":"vzjz02VqC6pdnx16BED3ID.1","action":"SyncServerConnectionManagerRequest", "result":"SYNC_SERVER_OK", "context":{"environment":"Prod_SoutheastAsia_000j", "migrationStage":"NotStarted", "server":"GENERAL0100000R"}}
{"logTime": "1009/140940", "correlationVector":"vzjz02VqC6pdnx16BED3ID.2","action":"GetUpdates Response", "result":"SYNCER_OK", "context":Received 35 update(s). cV=vzjz02VqC6pdnx16BED3ID.0;server=GENERAL0100000R;cloudType=Consumer;environment=Prod_SoutheastAsia_000j;migrationStage=NotStarted}
{"logTime": "1009/140940", "correlationVector":"reW/jjgcbRcQTtybJPSKI5","action":"Initial GetUpdates", "result":"", "context":Reason: NEWLY_SUPPORTED_DATATYPE. cV=reW/jjgcbRcQTtybJPSKI5}
{"logTime": "1009/140940", "correlationVector":"reW/jjgcbRcQTtybJPSKI5.1","action":"SyncServerConnectionManagerRequest", "result":"SYNC_SERVER_OK", "context":{"environment":"Prod_SoutheastAsia_000j", "migrationStage":"NotStarted", "server":"GENERAL0100000L"}}
{"logTime": "1009/140940", "correlationVector":"reW/jjgcbRcQTtybJPSKI5.2","action":"GetUpdates Response", "result":"SYNCER_OK", "context":Received 5 update(s). cV=reW/jjgcbRcQTtybJPSKI5.0;server=GENERAL0100000L;cloudType=Consumer;environment=Prod_SoutheastAsia_000j;migrationStage=NotStarted}
{"logTime": "1009/140940", "correlationVector":"xSG9DncsT5x1ATGIOrBB1Q","action":"Initial GetUpdates", "result":"", "context":Reason: NEWLY_SUPPORTED_DATATYPE. cV=xSG9DncsT5x1ATGIOrBB1Q}
{"logTime": "1009/140940", "correlationVector":"xSG9DncsT5x1ATGIOrBB1Q.1","action":"SyncServerConnectionManagerRequest", "result":"SYNC_SERVER_OK", "context":{"environment":"Prod_SoutheastAsia_000j", "migrationStage":"NotStarted", "server":"GENERAL01000012"}}
{"logTime": "1009/140940", "correlationVector":"xSG9DncsT5x1ATGIOrBB1Q.2","action":"GetUpdates", "result":"DeleteReceived", "context":{"id":"766819c7-6f66-4f4c-ac82-c1657b9a02f2", "isDeleted:":"true", "version":"1691753582636"}}
{"logTime": "1009/140940", "correlationVector":"xSG9DncsT5x1ATGIOrBB1Q.3","action":"GetUpdates", "result":"DeleteReceived", "context":{"id":"7237a22f-45dc-4878-838f-da45355e861b", "isDeleted:":"true", "version":"1692970574554"}}
{"logTime": "1009/140940", "correlationVector":"xSG9DncsT5x1ATGIOrBB1Q.4","action":"GetUpdates", "result":"DeleteReceived", "context":{"id":"70a90910-2d2f-439b-9c3a-23b3455e609a", "isDeleted:":"true", "version":"1693756276858"}}
{"logTime": "1009/140940", "correlationVector":"xSG9DncsT5x1ATGIOrBB1Q.5","action":"GetUpdates", "result":"DeleteReceived", "context":{"id":"a3255a19-8fd9-41e1-a8f2-aeb32caeb7d3", "isDeleted:":"true", "version":"1694336807423"}}
{"logTime": "1009/140940", "correlationVector":"xSG9DncsT5x1ATGIOrBB1Q.6","action":"GetUpdates", "result":"DeleteReceived", "context":{"id":"88b3efab-d2d0-401b-9fc7-cebc4f4244af", "isDeleted:":"true", "version":"1694337258308"}}
{"logTime": "1009/140940", "correlationVector":"xSG9DncsT5x1ATGIOrBB1Q.7","action":"GetUpdates", "result":"DeleteReceived", "context":{"id":"35bb6eb2-2eac-41c2-ae81-ce601449c39e", "isDeleted:":"true", "version":"1696172619687"}}
{"logTime": "1009/140940", "correlationVector":"xSG9DncsT5x1ATGIOrBB1Q.8","action":"GetUpdates Response", "result":"SYNCER_OK", "context":Received 28 update(s). cV=xSG9DncsT5x1ATGIOrBB1Q.0;server=GENERAL01000012;cloudType=Consumer;environment=Prod_SoutheastAsia_000j;migrationStage=NotStarted}
{"logTime": "1009/140940", "correlationVector":"3UsNvLdltja72BBMtDahsW","action":"Normal GetUpdate request", "result":"", "context":cV=3UsNvLdltja72BBMtDahsW
Nudged types: Sessions, Device Info, User Consents
Refresh requested types: Bookmarks, Preferences, Passwords, Autofill Profiles, Autofill, Autofill Custom Data, Typed URLs, Extensions, Sessions, Extension settings, History Delete Directives, Device Info, User Consents, Send Tab To Self, Web Apps, Collection, Edge E Drop, Edge Hub App Usage, Edge Wallet, Encryption Keys}
{"logTime": "1009/140941", "correlationVector":"3UsNvLdltja72BBMtDahsW.1","action":"SyncServerConnectionManagerRequest", "result":"SYNC_SERVER_OK", "context":{"environment":"Prod_SoutheastAsia_000j", "migrationStage":"NotStarted", "server":"GENERAL0100000V"}}
{"logTime": "1009/140941", "correlationVector":"3UsNvLdltja72BBMtDahsW.2","action":"GetUpdates Response", "result":"SYNCER_OK", "context":Received 0 update(s). cV=3UsNvLdltja72BBMtDahsW.0;server=GENERAL0100000V;cloudType=Consumer;environment=Prod_SoutheastAsia_000j;migrationStage=NotStarted}
{"logTime": "1009/140941", "correlationVector":"hWN1pH/u+O4nuGgje4NMI9","action":"Commit Request", "result":"", "context":Item count: 1
Contributing types: Device Info}
{"logTime": "1009/140941", "correlationVector":"hWN1pH/u+O4nuGgje4NMI9.1","action":"SyncServerConnectionManagerRequest", "result":"SYNC_SERVER_OK", "context":{"environment":"Prod_SoutheastAsia_000j", "migrationStage":"NotStarted", "server":"GENERAL0100000T"}}
{"logTime": "1009/140941", "correlationVector":"hWN1pH/u+O4nuGgje4NMI9.2","action":"Commit Response", "result":"SYNCER_OK", "context":Result: SYNCER_OK. cV=hWN1pH/u+O4nuGgje4NMI9.0;server=GENERAL0100000T;cloudType=Consumer;environment=Prod_SoutheastAsia_000j;migrationStage=NotStarted}
{"logTime": "1009/140941", "correlationVector":"E4G985392jZJkjdoEh8IYw","action":"Commit Request", "result":"", "context":Item count: 4
Contributing types: Sessions, User Consents}
{"logTime": "1009/140942", "correlationVector":"E4G985392jZJkjdoEh8IYw.1","action":"SyncServerConnectionManagerRequest", "result":"SYNC_SERVER_OK", "context":{"environment":"Prod_SoutheastAsia_000j", "migrationStage":"NotStarted", "server":"GENERAL0100001J"}}
{"logTime": "1009/140942", "correlationVector":"E4G985392jZJkjdoEh8IYw.2","action":"Commit Response", "result":"SYNCER_OK", "context":Result: SYNCER_OK. cV=E4G985392jZJkjdoEh8IYw.0;server=GENERAL0100001J;cloudType=Consumer;environment=Prod_SoutheastAsia_000j;migrationStage=NotStarted}
{"logTime": "1009/141147", "correlationVector":"EBkZ7KvJ9KbcrJc9preKtF.1","action":"SyncServerConnectionManagerRequest", "result":"SYNC_SERVER_OK", "context":{"environment":"Prod_SoutheastAsia_000j", "migrationStage":"NotStarted", "server":"GENERAL01000009"}}
{"logTime": "1009/141147", "correlationVector":"id8vXQ6ntuDzuZAUuUwcoZ.0","action":"FeedSettingFetch_homeCloud", "result":"0", "context":{}}
{"logTime": "1009/141147", "correlationVector":"EBkZ7KvJ9KbcrJc9preKtF","action":"Initial GetUpdates", "result":"", "context":Reason: NEW_CLIENT. cV=EBkZ7KvJ9KbcrJc9preKtF}
{"logTime": "1009/141147", "correlationVector":"EBkZ7KvJ9KbcrJc9preKtF.2","action":"GetUpdates Response", "result":"SYNCER_OK", "context":Received 1 update(s). cV=EBkZ7KvJ9KbcrJc9preKtF.0;server=GENERAL01000009;cloudType=Consumer;environment=Prod_SoutheastAsia_000j;migrationStage=NotStarted}
{"logTime": "1009/141147", "correlationVector":"zIwV2HOxQltQW/0Rvzd29l","action":"Normal GetUpdate request", "result":"", "context":cV=zIwV2HOxQltQW/0Rvzd29l
Nudged types: Device Info, User Consents
Refresh requested types: Device Info, User Consents, Send Tab To Self, Encryption Keys}
{"logTime": "1009/141147", "correlationVector":"zIwV2HOxQltQW/0Rvzd29l.1","action":"SyncServerConnectionManagerRequest", "result":"SYNC_SERVER_OK", "context":{"environment":"Prod_SoutheastAsia_000j", "migrationStage":"NotStarted", "server":"GENERAL01000017"}}
{"logTime": "1009/141147", "correlationVector":"zIwV2HOxQltQW/0Rvzd29l.2","action":"GetUpdates Response", "result":"SYNCER_OK", "context":Received 1 update(s). cV=zIwV2HOxQltQW/0Rvzd29l.0;server=GENERAL01000017;cloudType=Consumer;environment=Prod_SoutheastAsia_000j;migrationStage=NotStarted}
{"logTime": "1009/141147", "correlationVector":"hVE4C1midoloNNNeeVvC7F","action":"Commit Request", "result":"", "context":Item count: 1
Contributing types: Device Info}
{"logTime": "1009/141148", "correlationVector":"hVE4C1midoloNNNeeVvC7F.1","action":"SyncServerConnectionManagerRequest", "result":"SYNC_SERVER_OK", "context":{"environment":"Prod_SoutheastAsia_000j", "migrationStage":"NotStarted", "server":"GENERAL01000017"}}
{"logTime": "1009/141148", "correlationVector":"hVE4C1midoloNNNeeVvC7F.2","action":"Commit Response", "result":"SYNCER_OK", "context":Result: SYNCER_OK. cV=hVE4C1midoloNNNeeVvC7F.0;server=GENERAL01000017;cloudType=Consumer;environment=Prod_SoutheastAsia_000j;migrationStage=NotStarted}
{"logTime": "1009/141148", "correlationVector":"w3yan7walIHBlqRvtXWZ3I","action":"Commit Request", "result":"", "context":Item count: 1
Contributing types: User Consents}
{"logTime": "1009/141148", "correlationVector":"w3yan7walIHBlqRvtXWZ3I.1","action":"SyncServerConnectionManagerRequest", "result":"SYNC_SERVER_OK", "context":{"environment":"Prod_SoutheastAsia_000j", "migrationStage":"NotStarted", "server":"GENERAL0100000X"}}
{"logTime": "1009/141148", "correlationVector":"w3yan7walIHBlqRvtXWZ3I.2","action":"Commit Response", "result":"SYNCER_OK", "context":Result: SYNCER_OK. cV=w3yan7walIHBlqRvtXWZ3I.0;server=GENERAL0100000X;cloudType=Consumer;environment=Prod_SoutheastAsia_000j;migrationStage=NotStarted}
{"logTime": "1009/141148", "correlationVector":"1BucZGGnKh04jrSnl4XYS7","action":"SyncServerConnectionManagerRequest", "result":"SYNC_SERVER_OK", "context":{"environment":"", "migrationStage":"", "server":""}}
{"logTime": "1009/141148", "correlationVector":"wHuNEgsZUHTVEbHaOJAA9J","action":"Normal GetUpdate request", "result":"", "context":cV=wHuNEgsZUHTVEbHaOJAA9J
Nudged types: Device Info}
{"logTime": "1009/141148", "correlationVector":"wHuNEgsZUHTVEbHaOJAA9J.1","action":"SyncServerConnectionManagerRequest", "result":"SYNC_SERVER_OK", "context":{"environment":"Prod_SoutheastAsia_000j", "migrationStage":"NotStarted", "server":"GENERAL0100001L"}}
{"logTime": "1009/141148", "correlationVector":"wHuNEgsZUHTVEbHaOJAA9J.2","action":"GetUpdates Response", "result":"SYNCER_OK", "context":Received 1 update(s). cV=wHuNEgsZUHTVEbHaOJAA9J.0;server=GENERAL0100001L;cloudType=Consumer;environment=Prod_SoutheastAsia_000j;migrationStage=NotStarted}
{"logTime": "1009/141148", "correlationVector":"swc7D6D2qMiFQD6MbxawOt","action":"Normal GetUpdate request", "result":"", "context":cV=swc7D6D2qMiFQD6MbxawOt
Refresh requested types: Device Info, User Consents, Send Tab To Self, Encryption Keys}
{"logTime": "1009/141148", "correlationVector":"swc7D6D2qMiFQD6MbxawOt.1","action":"SyncServerConnectionManagerRequest", "result":"SYNC_SERVER_OK", "context":{"environment":"Prod_SoutheastAsia_000j", "migrationStage":"NotStarted", "server":"GENERAL0100000B"}}
{"logTime": "1009/141148", "correlationVector":"swc7D6D2qMiFQD6MbxawOt.2","action":"GetUpdates Response", "result":"SYNCER_OK", "context":Received 0 update(s). cV=swc7D6D2qMiFQD6MbxawOt.0;server=GENERAL0100000B;cloudType=Consumer;environment=Prod_SoutheastAsia_000j;migrationStage=NotStarted}
{"logTime": "1009/141148", "correlationVector":"X2xqC7rDvqn8P6gcgiFBrn","action":"Initial GetUpdates", "result":"", "context":Reason: RECONFIGURATION. cV=X2xqC7rDvqn8P6gcgiFBrn}
{"logTime": "1009/141148", "correlationVector":"X2xqC7rDvqn8P6gcgiFBrn.1","action":"SyncServerConnectionManagerRequest", "result":"SYNC_SERVER_OK", "context":{"environment":"Prod_SoutheastAsia_000j", "migrationStage":"NotStarted", "server":"GENERAL0100000M"}}
{"logTime": "1009/141148", "correlationVector":"X2xqC7rDvqn8P6gcgiFBrn.2","action":"GetUpdates Response", "result":"SYNCER_OK", "context":Received 0 update(s). cV=X2xqC7rDvqn8P6gcgiFBrn.0;server=GENERAL0100000M;cloudType=Consumer;environment=Prod_SoutheastAsia_000j;migrationStage=NotStarted}
{"logTime": "1009/141148", "correlationVector":"lsxbgX0K/8zwCRm3VhaRjL","action":"Initial GetUpdates", "result":"", "context":Reason: RECONFIGURATION. cV=lsxbgX0K/8zwCRm3VhaRjL}
{"logTime": "1009/141148", "correlationVector":"lsxbgX0K/8zwCRm3VhaRjL.1","action":"SyncServerConnectionManagerRequest", "result":"SYNC_SERVER_OK", "context":{"environment":"Prod_SoutheastAsia_000j", "migrationStage":"NotStarted", "server":"GENERAL0100000K"}}
{"logTime": "1009/141148", "correlationVector":"lsxbgX0K/8zwCRm3VhaRjL.2","action":"GetUpdates Response", "result":"SYNCER_OK", "context":Received 5 update(s). cV=lsxbgX0K/8zwCRm3VhaRjL.0;server=GENERAL0100000K;cloudType=Consumer;environment=Prod_SoutheastAsia_000j;migrationStage=NotStarted}
{"logTime": "1009/141148", "correlationVector":"4HiMZNe5/T9dxmpmvJ54j2","action":"Normal GetUpdate request", "result":"", "context":cV=4HiMZNe5/T9dxmpmvJ54j2
Nudged types: Sessions, Device Info, Edge Hub App Usage
Refresh requested types: Bookmarks, Preferences, Passwords, Autofill Profiles, Autofill, Autofill Custom Data, Typed URLs, Extensions, Sessions, Extension settings, History Delete Directives, Device Info, User Consents, Send Tab To Self, Web Apps, Collection, Edge E Drop, Edge Hub App Usage, Edge Wallet, Encryption Keys}
{"logTime": "1009/141149", "correlationVector":"4HiMZNe5/T9dxmpmvJ54j2.1","action":"SyncServerConnectionManagerRequest", "result":"SYNC_SERVER_OK", "context":{"environment":"Prod_SoutheastAsia_000j", "migrationStage":"NotStarted", "server":"GENERAL01000016"}}
{"logTime": "1009/141149", "correlationVector":"4HiMZNe5/T9dxmpmvJ54j2.2","action":"GetUpdates Response", "result":"SYNCER_OK", "context":Received 2 update(s). cV=4HiMZNe5/T9dxmpmvJ54j2.0;server=GENERAL01000016;cloudType=Consumer;environment=Prod_SoutheastAsia_000j;migrationStage=NotStarted}
{"logTime": "1009/141149", "correlationVector":"JgZfMmuzd0GJSACxAXUHlq","action":"Commit Request", "result":"", "context":Item count: 1
Contributing types: Device Info}
{"logTime": "1009/141149", "correlationVector":"JgZfMmuzd0GJSACxAXUHlq.1","action":"SyncServerConnectionManagerRequest", "result":"SYNC_SERVER_OK", "context":{"environment":"Prod_SoutheastAsia_000j", "migrationStage":"NotStarted", "server":"GENERAL0100000B"}}
{"logTime": "1009/141149", "correlationVector":"JgZfMmuzd0GJSACxAXUHlq.2","action":"Commit Response", "result":"SYNCER_OK", "context":Result: SYNCER_OK. cV=JgZfMmuzd0GJSACxAXUHlq.0;server=GENERAL0100000B;cloudType=Consumer;environment=Prod_SoutheastAsia_000j;migrationStage=NotStarted}
{"logTime": "1009/141149", "correlationVector":"mFbFv3J351mcDHWWymhnas","action":"Commit Request", "result":"", "context":Item count: 4
Contributing types: Sessions, Edge Hub App Usage}
{"logTime": "1009/141149", "correlationVector":"mFbFv3J351mcDHWWymhnas.1","action":"SyncServerConnectionManagerRequest", "result":"SYNC_SERVER_OK", "context":{"environment":"Prod_SoutheastAsia_000j", "migrationStage":"NotStarted", "server":"GENERAL0100000G"}}
{"logTime": "1009/141149", "correlationVector":"mFbFv3J351mcDHWWymhnas.2","action":"Commit Response", "result":"SYNCER_OK", "context":Result: SYNCER_OK. cV=mFbFv3J351mcDHWWymhnas.0;server=GENERAL0100000G;cloudType=Consumer;environment=Prod_SoutheastAsia_000j;migrationStage=NotStarted}
{"logTime": "1009/175048", "correlationVector":"iP/6yKWh1/Mlb28up6tW6t.0","action":"FeedSettingFetch_homeCloud", "result":"0", "context":{}}
{"logTime": "1009/175048", "correlationVector":"quWL49+3hd3gW0gi1KRabh.1","action":"SyncServerConnectionManagerRequest", "result":"SYNC_SERVER_OK", "context":{"environment":"Prod_SoutheastAsia_000j", "migrationStage":"NotStarted", "server":"GENERAL0100000V"}}
{"logTime": "1009/175048", "correlationVector":"quWL49+3hd3gW0gi1KRabh","action":"Initial GetUpdates", "result":"", "context":Reason: NEW_CLIENT. cV=quWL49+3hd3gW0gi1KRabh}
{"logTime": "1009/175048", "correlationVector":"quWL49+3hd3gW0gi1KRabh.2","action":"GetUpdates Response", "result":"SYNCER_OK", "context":Received 1 update(s). cV=quWL49+3hd3gW0gi1KRabh.0;server=GENERAL0100000V;cloudType=Consumer;environment=Prod_SoutheastAsia_000j;migrationStage=NotStarted}
{"logTime": "1009/175048", "correlationVector":"PKR5LhmXY59LdA1zQoHqCy","action":"Initial GetUpdates", "result":"", "context":Reason: NEWLY_SUPPORTED_DATATYPE. cV=PKR5LhmXY59LdA1zQoHqCy}
{"logTime": "1009/175048", "correlationVector":"PKR5LhmXY59LdA1zQoHqCy.1","action":"SyncServerConnectionManagerRequest", "result":"SYNC_SERVER_OK", "context":{"environment":"Prod_SoutheastAsia_000j", "migrationStage":"NotStarted", "server":"GENERAL0100000J"}}
{"logTime": "1009/175048", "correlationVector":"PKR5LhmXY59LdA1zQoHqCy.2","action":"GetUpdates Response", "result":"SYNCER_OK", "context":Received 2 update(s). cV=PKR5LhmXY59LdA1zQoHqCy.0;server=GENERAL0100000J;cloudType=Consumer;environment=Prod_SoutheastAsia_000j;migrationStage=NotStarted}
{"logTime": "1009/175048", "correlationVector":"bG4FGwnbrcekECw/Tb8IOO","action":"SyncServerConnectionManagerRequest", "result":"SYNC_SERVER_OK", "context":{"environment":"", "migrationStage":"", "server":""}}
{"logTime": "1009/175048", "correlationVector":"ypXV29XS8NTK3YTXgXTCWG","action":"Normal GetUpdate request", "result":"", "context":cV=ypXV29XS8NTK3YTXgXTCWG
Nudged types: Sessions, User Consents
Refresh requested types: Bookmarks, Preferences, Passwords, Autofill Profiles, Autofill, Autofill Custom Data, Typed URLs, Extensions, Sessions, Extension settings, History Delete Directives, Device Info, User Consents, Send Tab To Self, Web Apps, Collection, Edge E Drop, Edge Hub App Usage, Edge Wallet, Encryption Keys}
{"logTime": "1009/175048", "correlationVector":"ypXV29XS8NTK3YTXgXTCWG.1","action":"SyncServerConnectionManagerRequest", "result":"SYNC_SERVER_OK", "context":{"environment":"Prod_SoutheastAsia_000j", "migrationStage":"NotStarted", "server":"GENERAL01000006"}}
{"logTime": "1009/175048", "correlationVector":"ypXV29XS8NTK3YTXgXTCWG.2","action":"GetUpdates Response", "result":"SYNCER_OK", "context":Received 5 update(s). cV=ypXV29XS8NTK3YTXgXTCWG.0;server=GENERAL01000006;cloudType=Consumer;environment=Prod_SoutheastAsia_000j;migrationStage=NotStarted}
{"logTime": "1009/175048", "correlationVector":"8tgqQW4wbk3WK3LFRDeqZW","action":"Commit Request", "result":"", "context":Item count: 4
Contributing types: Sessions, User Consents}
{"logTime": "1009/175048", "correlationVector":"8tgqQW4wbk3WK3LFRDeqZW.1","action":"SyncServerConnectionManagerRequest", "result":"SYNC_SERVER_OK", "context":{"environment":"Prod_SoutheastAsia_000j", "migrationStage":"NotStarted", "server":"GENERAL0100001L"}}
{"logTime": "1009/175048", "correlationVector":"8tgqQW4wbk3WK3LFRDeqZW.2","action":"Commit Response", "result":"SYNCER_OK", "context":Result: SYNCER_OK. cV=8tgqQW4wbk3WK3LFRDeqZW.0;server=GENERAL0100001L;cloudType=Consumer;environment=Prod_SoutheastAsia_000j;migrationStage=NotStarted}
{"logTime": "1009/175048", "correlationVector":"8tgqQW4wbk3WK3LFRDeqZW.3","action":"Commit.Sessions", "result":"Success", "context":{"id":"0fded443-a554-4f93-af73-ac534038dd96", "isDeleted":"true", "size":"0", "version":"1696860709300"}}
{"logTime": "1009/175048", "correlationVector":"KfLakzlzPPnmsHF+pSTJrl","action":"Normal GetUpdate request", "result":"", "context":cV=KfLakzlzPPnmsHF+pSTJrl
Nudged types: Sessions
Refresh requested types: Bookmarks, Preferences, Passwords, Autofill Profiles, Autofill, Autofill Custom Data, Typed URLs, Extensions, Sessions, Extension settings, History Delete Directives, Device Info, User Consents, Send Tab To Self, Web Apps, Collection, Edge E Drop, Edge Hub App Usage, Edge Wallet, Encryption Keys}
{"logTime": "1009/175048", "correlationVector":"KfLakzlzPPnmsHF+pSTJrl.1","action":"SyncServerConnectionManagerRequest", "result":"SYNC_SERVER_OK", "context":{"environment":"Prod_SoutheastAsia_000j", "migrationStage":"NotStarted", "server":"GENERAL0100000Z"}}
{"logTime": "1009/175048", "correlationVector":"KfLakzlzPPnmsHF+pSTJrl.2","action":"GetUpdates", "result":"DeleteReceived", "context":{"id":"0fded443-a554-4f93-af73-ac534038dd96", "isDeleted:":"true", "version":"1696873837621"}}
{"logTime": "1009/175048", "correlationVector":"KfLakzlzPPnmsHF+pSTJrl.3","action":"GetUpdates Response", "result":"SYNCER_OK", "context":Received 3 update(s). cV=KfLakzlzPPnmsHF+pSTJrl.0;server=GENERAL0100000Z;cloudType=Consumer;environment=Prod_SoutheastAsia_000j;migrationStage=NotStarted}
{"logTime": "1009/175111", "correlationVector":"4GBTFjzCIJbak5emsblK7i","action":"Normal GetUpdate request", "result":"", "context":cV=4GBTFjzCIJbak5emsblK7i
Nudged types: Sessions}
{"logTime": "1009/175112", "correlationVector":"4GBTFjzCIJbak5emsblK7i.1","action":"SyncServerConnectionManagerRequest", "result":"SYNC_SERVER_OK", "context":{"environment":"Prod_SoutheastAsia_000j", "migrationStage":"NotStarted", "server":"GENERAL01000006"}}
{"logTime": "1009/175112", "correlationVector":"4GBTFjzCIJbak5emsblK7i.2","action":"GetUpdates Response", "result":"SYNCER_OK", "context":Received 0 update(s). cV=4GBTFjzCIJbak5emsblK7i.0;server=GENERAL01000006;cloudType=Consumer;environment=Prod_SoutheastAsia_000j;migrationStage=NotStarted}
{"logTime": "1009/175112", "correlationVector":"oC/r9zCy/gIDB3JjT+/m45","action":"Commit Request", "result":"", "context":Item count: 1
Contributing types: Sessions}
{"logTime": "1009/175112", "correlationVector":"oC/r9zCy/gIDB3JjT+/m45.1","action":"SyncServerConnectionManagerRequest", "result":"SYNC_SERVER_OK", "context":{"environment":"Prod_SoutheastAsia_000j", "migrationStage":"NotStarted", "server":"GENERAL0100000J"}}
{"logTime": "1009/175112", "correlationVector":"oC/r9zCy/gIDB3JjT+/m45.2","action":"Commit Response", "result":"SYNCER_OK", "context":Result: SYNCER_OK. cV=oC/r9zCy/gIDB3JjT+/m45.0;server=GENERAL0100000J;cloudType=Consumer;environment=Prod_SoutheastAsia_000j;migrationStage=NotStarted}
